<?xml version="1.0" encoding="UTF-8"?>
<!-- Generated by org.testng.reporters.JUnitReportReporter -->
<testsuite hostname="muhammad-palm" name="LoginFunction.LoginTest2" tests="2" failures="0" timestamp="10 Mar 2015 19:58:13 GMT" time="11.859" errors="0">
  <testcase name="dologin" time="5.552" classname="LoginFunction.LoginTest2"/>
  <testcase name="dologin" time="6.307" classname="LoginFunction.LoginTest2"/>
</testsuite> <!-- LoginFunction.LoginTest2 -->
